{"level":"error","message":"[Current Guests]: MISSING_TOKEN","method":"GET","service":"MTN Prestige Airport","status":401,"timestamp":"2023-08-17T08:17:03.647Z","url":"/api/guests/current-guest?page=1&per_page=20"}
{"level":"error","message":"[Current Guests]: MISSING_TOKEN","method":"GET","service":"MTN Prestige Airport","status":401,"timestamp":"2023-08-17T08:17:03.795Z","url":"/api/guests/current-guest?page=1&per_page=20"}
{"level":"info","message":"[AD Login]: AD login successful","method":"POST","service":"MTN Prestige Airport","status":200,"timestamp":"2023-08-17T08:17:18.089Z","url":"/api/auth/login"}
{"level":"info","message":"[Send Otp]: OTP sent successfully","method":"GET","service":"MTN Prestige Airport","status":200,"timestamp":"2023-08-17T08:17:19.867Z","url":"/api/auth/users/send-otp/1fbe4323-3331-4ca1-8e0c-7b60fe78727a"}
{"level":"info","message":"[OTP verification]: OTP verification successful","method":"POST","service":"MTN Prestige Airport","status":200,"timestamp":"2023-08-17T08:17:35.717Z","url":"/api/auth/users/verify-otp/9625c482-da53-437f-9db7-c0e3cb57cf9e"}
{"level":"info","message":"[Current Guests]: Current guest fetched successfully","method":"GET","service":"MTN Prestige Airport","status":200,"timestamp":"2023-08-17T08:17:36.540Z","url":"/api/guests/current-guest?page=1&per_page=20"}
{"level":"info","message":"[Current Guests]: Current guest fetched successfully","method":"GET","service":"MTN Prestige Airport","status":200,"timestamp":"2023-08-17T08:17:37.010Z","url":"/api/guests/current-guest?page=1&per_page=20"}
{"level":"info","message":"[Customer [FETCH, UPDATE, DELETE, CREATE]]: Operation successful","method":"GET","service":"MTN Prestige Airport","status":200,"timestamp":"2023-08-17T08:18:00.373Z","url":"/api/customers?page=1"}
{"level":"info","message":"[Customer [FETCH, UPDATE, DELETE, CREATE]]: Operation successful","method":"GET","service":"MTN Prestige Airport","status":200,"timestamp":"2023-08-17T08:18:01.087Z","url":"/api/customers?page=1"}
{"level":"info","message":"[Customer [FETCH, UPDATE, DELETE, CREATE]]: Operation successful","method":"GET","service":"MTN Prestige Airport","status":200,"timestamp":"2023-08-17T08:18:01.775Z","url":"/api/customers?page=1"}
{"level":"info","message":"[Customer [FETCH, UPDATE, DELETE, CREATE]]: Operation successful","method":"GET","service":"MTN Prestige Airport","status":200,"timestamp":"2023-08-17T08:18:02.249Z","url":"/api/customers?page=1"}
{"level":"info","message":"[Customer [FETCH, UPDATE, DELETE, CREATE]]: Operation successful","method":"GET","service":"MTN Prestige Airport","status":200,"timestamp":"2023-08-17T08:18:02.800Z","url":"/api/customers?page=1"}
{"level":"info","message":"[Check-in customer]: Customer checked-in successfully","method":"POST","service":"MTN Prestige Airport","status":200,"timestamp":"2023-08-17T08:18:08.001Z","url":"/api/customers/check-in"}
{"level":"info","message":"[Current Guests]: Current guest fetched successfully","method":"GET","service":"MTN Prestige Airport","status":200,"timestamp":"2023-08-17T08:18:11.577Z","url":"/api/guests/current-guest?page=1&per_page=20"}
{"level":"info","message":"[Current Guests]: Current guest fetched successfully","method":"GET","service":"MTN Prestige Airport","status":200,"timestamp":"2023-08-17T08:18:11.994Z","url":"/api/guests/current-guest?page=1&per_page=20"}
{"level":"info","message":"[Today's Guest]: Today's guest fetched successfully","method":"GET","service":"MTN Prestige Airport","status":200,"timestamp":"2023-08-17T08:18:15.290Z","url":"/api/guests/8eeb5a2f-e86d-4971-8e45-447d49f25d1e"}
{"level":"info","message":"[Customer [FETCH, UPDATE, DELETE, CREATE]]: Operation successful","method":"GET","service":"MTN Prestige Airport","status":200,"timestamp":"2023-08-17T08:18:24.036Z","url":"/api/customers?page=1"}
{"level":"info","message":"[Customer [FETCH, UPDATE, DELETE, CREATE]]: Operation successful","method":"GET","service":"MTN Prestige Airport","status":200,"timestamp":"2023-08-17T08:18:24.880Z","url":"/api/customers?page=1"}
{"level":"info","message":"[Recent Guest]: Recent guest(s) fetched successfully","method":"GET","service":"MTN Prestige Airport","status":200,"timestamp":"2023-08-17T08:18:34.242Z","url":"/api/guests/recent-guest?page=1&per_page=20&fromDate=2022-01-01&toDate=2023-08-17"}
{"level":"info","message":"[Customer [FETCH, UPDATE, DELETE, CREATE]]: Operation successful","method":"GET","service":"MTN Prestige Airport","status":200,"timestamp":"2023-08-17T08:18:38.610Z","url":"/api/customers?page=1"}
{"level":"info","message":"[Recent Guest]: Recent guest(s) fetched successfully","method":"GET","service":"MTN Prestige Airport","status":200,"timestamp":"2023-08-17T08:18:38.694Z","url":"/api/guests/recent-guest?page=1&per_page=20&fromDate=2022-01-01&toDate=2023-08-17"}
{"level":"info","message":"[Fetch all admin]: Admin fetched successfully","method":"GET","service":"MTN Prestige Airport","status":200,"timestamp":"2023-08-17T08:18:39.518Z","url":"/api/auth/users?page=1&per_page=20"}
{"level":"info","message":"[Fetch all admin]: Admin fetched successfully","method":"GET","service":"MTN Prestige Airport","status":200,"timestamp":"2023-08-17T08:18:39.763Z","url":"/api/auth/users?page=1&per_page=20"}
{"level":"info","message":"[Customer [FETCH, UPDATE, DELETE, CREATE]]: Operation successful","method":"GET","service":"MTN Prestige Airport","status":200,"timestamp":"2023-08-17T08:18:40.071Z","url":"/api/customers?page=1"}
{"level":"info","message":"[Current Guests]: Current guest fetched successfully","method":"GET","service":"MTN Prestige Airport","status":200,"timestamp":"2023-08-17T08:19:54.112Z","url":"/api/guests/current-guest?page=1&per_page=20"}
{"level":"info","message":"[Current Guests]: Current guest fetched successfully","method":"GET","service":"MTN Prestige Airport","status":200,"timestamp":"2023-08-17T08:19:54.530Z","url":"/api/guests/current-guest?page=1&per_page=20"}
{"level":"info","message":"[Recent Guest]: Recent guest(s) fetched successfully","method":"GET","service":"MTN Prestige Airport","status":200,"timestamp":"2023-08-17T08:20:21.869Z","url":"/api/guests/recent-guest?page=1&per_page=20&fromDate=2022-01-01&toDate=2023-08-17"}
{"level":"info","message":"[Recent Guest]: Recent guest(s) fetched successfully","method":"GET","service":"MTN Prestige Airport","status":200,"timestamp":"2023-08-17T08:20:22.191Z","url":"/api/guests/recent-guest?page=1&per_page=20&fromDate=2022-01-01&toDate=2023-08-17"}
{"level":"warn","message":"[Unauthorized access - customer]","method":"GET","service":"MTN Prestige Airport","status":401,"timestamp":"2023-08-17T08:53:29.533Z","url":"/api/customers?page=1"}
{"level":"warn","message":"[Unauthorized access - customer]","method":"GET","service":"MTN Prestige Airport","status":401,"timestamp":"2023-08-17T08:53:29.610Z","url":"/api/customers?page=1"}
{"level":"info","message":"[AD Login]: AD login successful","method":"POST","service":"MTN Prestige Airport","status":200,"timestamp":"2023-08-17T09:33:11.056Z","url":"/api/auth/login"}
{"level":"info","message":"[Send Otp]: OTP sent successfully","method":"GET","service":"MTN Prestige Airport","status":200,"timestamp":"2023-08-17T09:33:18.456Z","url":"/api/auth/users/send-otp/b1305461-7259-4bcc-91d2-48325c839b3f"}
{"level":"info","message":"[OTP verification]: OTP verification successful","method":"POST","service":"MTN Prestige Airport","status":200,"timestamp":"2023-08-17T09:33:36.011Z","url":"/api/auth/users/verify-otp/394529b8-857f-458c-84cb-0ca0412ab9d7"}
{"level":"info","message":"[Current Guests]: Current guest fetched successfully","method":"GET","service":"MTN Prestige Airport","status":200,"timestamp":"2023-08-17T09:33:49.800Z","url":"/api/guests/current-guest?page=1&per_page=20"}
{"level":"info","message":"[Current Guests]: Current guest fetched successfully","method":"GET","service":"MTN Prestige Airport","status":200,"timestamp":"2023-08-17T09:33:50.482Z","url":"/api/guests/current-guest?page=1&per_page=20"}
{"level":"info","message":"[Today's Guest]: Today's guest fetched successfully","method":"GET","service":"MTN Prestige Airport","status":200,"timestamp":"2023-08-17T09:35:13.272Z","url":"/api/guests/c10afc2b-bd6c-4f92-925a-e81ec1f08e9f"}
{"level":"info","message":"[Customer [FETCH, UPDATE, DELETE, CREATE]]: Operation successful","method":"GET","service":"MTN Prestige Airport","status":200,"timestamp":"2023-08-17T09:39:26.239Z","url":"/api/customers?page=1"}
{"level":"info","message":"[Customer [FETCH, UPDATE, DELETE, CREATE]]: Operation successful","method":"GET","service":"MTN Prestige Airport","status":200,"timestamp":"2023-08-17T09:39:33.697Z","url":"/api/customers?page=1"}
{"level":"info","message":"[Customer [FETCH, UPDATE, DELETE, CREATE]]: Operation successful","method":"GET","service":"MTN Prestige Airport","status":200,"timestamp":"2023-08-17T09:39:36.966Z","url":"/api/customers?page=1"}
{"level":"info","message":"[Customer [FETCH, UPDATE, DELETE, CREATE]]: Operation successful","method":"GET","service":"MTN Prestige Airport","status":200,"timestamp":"2023-08-17T09:39:40.424Z","url":"/api/customers?page=1"}
{"level":"info","message":"[Customer [FETCH, UPDATE, DELETE, CREATE]]: Operation successful","method":"GET","service":"MTN Prestige Airport","status":200,"timestamp":"2023-08-17T09:39:40.436Z","url":"/api/customers?page=1"}
{"level":"info","message":"[Search customers]: Search customers successful","method":"GET","service":"MTN Prestige Airport","status":200,"timestamp":"2023-08-17T09:39:47.628Z","url":"/api/customers/search/olabisi"}
{"level":"info","message":"[Search customers]: Search customers successful","method":"GET","service":"MTN Prestige Airport","status":200,"timestamp":"2023-08-17T09:40:00.187Z","url":"/api/customers/search/godwin"}
{"level":"info","message":"[Search customers]: Search customers successful","method":"GET","service":"MTN Prestige Airport","status":200,"timestamp":"2023-08-17T09:40:14.442Z","url":"/api/customers/search/atete"}
{"level":"error","message":"[Search customers]: Malformed communication packet.","method":"GET","service":"MTN Prestige Airport","status":500,"timestamp":"2023-08-17T09:40:33.774Z","url":"/api/customers/search/ejiro%20atete"}
{"level":"error","message":"[Search customers]: Malformed communication packet.","method":"GET","service":"MTN Prestige Airport","status":500,"timestamp":"2023-08-17T09:40:49.194Z","url":"/api/customers/search/ejiro%20atete"}
{"level":"warn","message":"[Authentication]: INVALID_TOKEN","method":"GET","service":"MTN Prestige Airport","status":401,"timestamp":"2023-08-17T09:41:02.145Z","url":"/api/customers/search/ejiro"}
{"level":"error","message":"[Current Guests]: INVALID_TOKEN","method":"GET","service":"MTN Prestige Airport","status":401,"timestamp":"2023-08-17T10:40:05.701Z","url":"/api/guests/current-guest?page=1&per_page=20"}
{"level":"error","message":"[Current Guests]: INVALID_TOKEN","method":"GET","service":"MTN Prestige Airport","status":401,"timestamp":"2023-08-17T10:40:06.020Z","url":"/api/guests/current-guest?page=1&per_page=20"}
{"level":"info","message":"[AD Login]: AD login successful","method":"POST","service":"MTN Prestige Airport","status":200,"timestamp":"2023-08-17T10:40:09.036Z","url":"/api/auth/login"}
{"level":"info","message":"[Send Otp]: OTP sent successfully","method":"GET","service":"MTN Prestige Airport","status":200,"timestamp":"2023-08-17T10:40:13.162Z","url":"/api/auth/users/send-otp/b1305461-7259-4bcc-91d2-48325c839b3f"}
{"level":"info","message":"[OTP verification]: OTP verification successful","method":"POST","service":"MTN Prestige Airport","status":200,"timestamp":"2023-08-17T10:40:21.393Z","url":"/api/auth/users/verify-otp/087324b1-a6d3-4c20-86ee-2b19c808ea63"}
{"level":"info","message":"[Current Guests]: Current guest fetched successfully","method":"GET","service":"MTN Prestige Airport","status":200,"timestamp":"2023-08-17T10:40:22.591Z","url":"/api/guests/current-guest?page=1&per_page=20"}
{"level":"info","message":"[Current Guests]: Current guest fetched successfully","method":"GET","service":"MTN Prestige Airport","status":200,"timestamp":"2023-08-17T10:40:23.103Z","url":"/api/guests/current-guest?page=1&per_page=20"}
{"level":"info","message":"[Today's Guest]: Today's guest fetched successfully","method":"GET","service":"MTN Prestige Airport","status":200,"timestamp":"2023-08-17T10:40:28.562Z","url":"/api/guests/c10afc2b-bd6c-4f92-925a-e81ec1f08e9f"}
{"level":"info","message":"[Today's Guest]: Today's guest fetched successfully","method":"GET","service":"MTN Prestige Airport","status":200,"timestamp":"2023-08-17T10:40:32.332Z","url":"/api/guests/c10afc2b-bd6c-4f92-925a-e81ec1f08e9f"}
{"level":"info","message":"[Recent Guest]: Recent guest(s) fetched successfully","method":"GET","service":"MTN Prestige Airport","status":200,"timestamp":"2023-08-17T10:40:49.189Z","url":"/api/guests/recent-guest?page=1&per_page=20&fromDate=2022-01-01&toDate=2023-08-17"}
{"level":"info","message":"[Recent Guest]: Recent guest(s) fetched successfully","method":"GET","service":"MTN Prestige Airport","status":200,"timestamp":"2023-08-17T10:40:49.963Z","url":"/api/guests/recent-guest?page=1&per_page=20&fromDate=2022-01-01&toDate=2023-08-17"}
{"level":"info","message":"[Fetch all admin]: Admin fetched successfully","method":"GET","service":"MTN Prestige Airport","status":200,"timestamp":"2023-08-17T10:40:51.499Z","url":"/api/auth/users?page=1&per_page=20"}
{"level":"info","message":"[Fetch all admin]: Admin fetched successfully","method":"GET","service":"MTN Prestige Airport","status":200,"timestamp":"2023-08-17T10:40:52.149Z","url":"/api/auth/users?page=1&per_page=20"}
{"level":"info","message":"[Recent Guest]: Recent guest(s) fetched successfully","method":"GET","service":"MTN Prestige Airport","status":200,"timestamp":"2023-08-17T10:40:52.689Z","url":"/api/guests/recent-guest?page=1&per_page=20&fromDate=2022-01-01&toDate=2023-08-17"}
{"level":"info","message":"[Recent Guest]: Recent guest(s) fetched successfully","method":"GET","service":"MTN Prestige Airport","status":200,"timestamp":"2023-08-17T10:40:53.034Z","url":"/api/guests/recent-guest?page=1&per_page=20&fromDate=2022-01-01&toDate=2023-08-17"}
{"level":"info","message":"[Fetch all admin]: Admin fetched successfully","method":"GET","service":"MTN Prestige Airport","status":200,"timestamp":"2023-08-17T10:40:54.270Z","url":"/api/auth/users?page=1&per_page=20"}
{"level":"info","message":"[Fetch all admin]: Admin fetched successfully","method":"GET","service":"MTN Prestige Airport","status":200,"timestamp":"2023-08-17T10:40:54.482Z","url":"/api/auth/users?page=1&per_page=20"}
{"level":"info","message":"[Delete Admin]: Deleted admin successfully","method":"DELETE","service":"MTN Prestige Airport","status":200,"timestamp":"2023-08-17T10:41:06.145Z","url":"/api/auth/users/17a539c5-381a-43cf-adf7-f1828daa992b"}
{"level":"info","message":"[Fetch all admin]: Admin fetched successfully","method":"GET","service":"MTN Prestige Airport","status":200,"timestamp":"2023-08-17T10:41:06.419Z","url":"/api/auth/users?page=1&per_page=20"}
{"level":"info","message":"[Fetch all admin]: Admin fetched successfully","method":"GET","service":"MTN Prestige Airport","status":200,"timestamp":"2023-08-17T10:48:04.144Z","url":"/api/auth/users?page=1&per_page=20"}
{"level":"info","message":"[Fetch all admin]: Admin fetched successfully","method":"GET","service":"MTN Prestige Airport","status":200,"timestamp":"2023-08-17T10:50:01.857Z","url":"/api/auth/users?page=1&per_page=20"}
{"level":"info","message":"[Fetch all admin]: Admin fetched successfully","method":"GET","service":"MTN Prestige Airport","status":200,"timestamp":"2023-08-17T10:50:02.575Z","url":"/api/auth/users?page=1&per_page=20"}
{"level":"info","message":"[Fetch all admin]: Admin fetched successfully","method":"GET","service":"MTN Prestige Airport","status":200,"timestamp":"2023-08-17T10:50:03.267Z","url":"/api/auth/users?page=1&per_page=20"}
{"level":"info","message":"[Fetch all admin]: Admin fetched successfully","method":"GET","service":"MTN Prestige Airport","status":200,"timestamp":"2023-08-17T10:50:03.519Z","url":"/api/auth/users?page=1&per_page=20"}
{"level":"warn","message":"[Bad Request]: Invalid Telephone","method":"POST","service":"MTN Prestige Airport","status":400,"timestamp":"2023-08-17T10:50:52.960Z","url":"/api/auth/users"}
{"level":"info","message":"[Create Admin]: Admin created successfully","method":"POST","service":"MTN Prestige Airport","status":201,"timestamp":"2023-08-17T10:51:09.146Z","url":"/api/auth/users"}
{"level":"info","message":"[Fetch all admin]: Admin fetched successfully","method":"GET","service":"MTN Prestige Airport","status":200,"timestamp":"2023-08-17T10:51:13.043Z","url":"/api/auth/users?page=1&per_page=20"}
{"level":"info","message":"[Fetch all admin]: Admin fetched successfully","method":"GET","service":"MTN Prestige Airport","status":200,"timestamp":"2023-08-17T10:51:13.258Z","url":"/api/auth/users?page=1&per_page=20"}
{"level":"warn","message":"[Resource not found]: User not found","method":"DELETE","service":"MTN Prestige Airport","status":404,"timestamp":"2023-08-17T10:51:19.170Z","url":"/api/auth/users/null"}
{"level":"warn","message":"[Resource not found]: User not found","method":"DELETE","service":"MTN Prestige Airport","status":404,"timestamp":"2023-08-17T10:51:26.848Z","url":"/api/auth/users/null"}
{"level":"info","message":"[Fetch all admin]: Admin fetched successfully","method":"GET","service":"MTN Prestige Airport","status":200,"timestamp":"2023-08-17T10:51:33.035Z","url":"/api/auth/users?page=1&per_page=20"}
{"level":"info","message":"[Fetch all admin]: Admin fetched successfully","method":"GET","service":"MTN Prestige Airport","status":200,"timestamp":"2023-08-17T10:51:33.264Z","url":"/api/auth/users?page=1&per_page=20"}
{"level":"warn","message":"[Resource not found]: User not found","method":"DELETE","service":"MTN Prestige Airport","status":404,"timestamp":"2023-08-17T10:51:37.823Z","url":"/api/auth/users/null"}
{"level":"warn","message":"[Resource Exist]: A user with the same username, email or telephone already exist","method":"POST","service":"MTN Prestige Airport","status":406,"timestamp":"2023-08-17T10:51:52.133Z","url":"/api/auth/users"}
{"level":"info","message":"[Fetch all admin]: Admin fetched successfully","method":"GET","service":"MTN Prestige Airport","status":200,"timestamp":"2023-08-17T10:51:55.412Z","url":"/api/auth/users?page=1&per_page=20"}
{"level":"info","message":"[Fetch all admin]: Admin fetched successfully","method":"GET","service":"MTN Prestige Airport","status":200,"timestamp":"2023-08-17T10:51:55.638Z","url":"/api/auth/users?page=1&per_page=20"}
{"level":"info","message":"[Fetch all admin]: Admin fetched successfully","method":"GET","service":"MTN Prestige Airport","status":200,"timestamp":"2023-08-17T10:52:01.256Z","url":"/api/auth/users?page=1&per_page=20"}
{"level":"info","message":"[Fetch all admin]: Admin fetched successfully","method":"GET","service":"MTN Prestige Airport","status":200,"timestamp":"2023-08-17T10:52:01.932Z","url":"/api/auth/users?page=1&per_page=20"}
{"level":"warn","message":"[Resource not found]: User not found","method":"DELETE","service":"MTN Prestige Airport","status":404,"timestamp":"2023-08-17T10:52:10.434Z","url":"/api/auth/users/null"}
{"level":"error","message":"[Admin]: connect EHOSTUNREACH 10.1.42.199:3306","method":"GET","service":"MTN Prestige Airport","status":500,"timestamp":"2023-08-17T10:55:00.521Z","url":"/api/auth/users?page=1&per_page=20"}
{"level":"error","message":"[Admin]: connect EHOSTUNREACH 10.1.42.199:3306","method":"GET","service":"MTN Prestige Airport","status":500,"timestamp":"2023-08-17T10:55:00.578Z","url":"/api/auth/users?page=1&per_page=20"}
{"level":"error","message":"[Admin]: connect EHOSTUNREACH 10.1.42.199:3306","method":"GET","service":"MTN Prestige Airport","status":500,"timestamp":"2023-08-17T10:55:00.618Z","url":"/api/auth/users?page=1&per_page=20"}
{"level":"error","message":"[Admin]: connect EHOSTUNREACH 10.1.42.199:3306","method":"GET","service":"MTN Prestige Airport","status":500,"timestamp":"2023-08-17T10:57:12.765Z","url":"/api/auth/users?page=1&per_page=20"}
{"level":"error","message":"[Admin]: connect EHOSTUNREACH 10.1.42.199:3306","method":"GET","service":"MTN Prestige Airport","status":500,"timestamp":"2023-08-17T10:57:12.811Z","url":"/api/auth/users?page=1&per_page=20"}
{"level":"error","message":"[Admin]: connect EHOSTUNREACH 10.1.42.199:3306","method":"GET","service":"MTN Prestige Airport","status":500,"timestamp":"2023-08-17T10:57:16.224Z","url":"/api/auth/users?page=1&per_page=20"}
{"level":"error","message":"[Admin]: connect EHOSTUNREACH 10.1.42.199:3306","method":"GET","service":"MTN Prestige Airport","status":500,"timestamp":"2023-08-17T10:57:16.260Z","url":"/api/auth/users?page=1&per_page=20"}
{"level":"error","message":"[Current Guests]: connect EHOSTUNREACH 10.1.42.199:3306","method":"GET","service":"MTN Prestige Airport","status":400,"timestamp":"2023-08-17T10:57:18.059Z","url":"/api/guests/current-guest?page=1&per_page=20"}
{"level":"error","message":"[Current Guests]: connect EHOSTUNREACH 10.1.42.199:3306","method":"GET","service":"MTN Prestige Airport","status":400,"timestamp":"2023-08-17T10:57:18.095Z","url":"/api/guests/current-guest?page=1&per_page=20"}
{"level":"error","message":"[Current Guests]: connect EHOSTUNREACH 10.1.42.199:3306","method":"GET","service":"MTN Prestige Airport","status":400,"timestamp":"2023-08-17T10:57:21.365Z","url":"/api/guests/current-guest?page=1&per_page=20"}
{"level":"error","message":"[Current Guests]: connect EHOSTUNREACH 10.1.42.199:3306","method":"GET","service":"MTN Prestige Airport","status":400,"timestamp":"2023-08-17T10:57:21.411Z","url":"/api/guests/current-guest?page=1&per_page=20"}
{"level":"error","message":"[Current Guests]: connect EHOSTUNREACH 10.1.42.199:3306","method":"GET","service":"MTN Prestige Airport","status":400,"timestamp":"2023-08-17T10:57:30.854Z","url":"/api/guests/current-guest?page=1&per_page=20"}
{"level":"error","message":"[Current Guests]: connect EHOSTUNREACH 10.1.42.199:3306","method":"GET","service":"MTN Prestige Airport","status":400,"timestamp":"2023-08-17T10:57:30.885Z","url":"/api/guests/current-guest?page=1&per_page=20"}
{"level":"error","message":"[AD Login]: connect EHOSTUNREACH 10.1.42.199:3306","method":"POST","service":"MTN Prestige Airport","status":400,"timestamp":"2023-08-17T10:57:33.798Z","url":"/api/auth/login"}
{"level":"error","message":"[AD Login]: connect EHOSTUNREACH 10.1.42.199:3306","method":"POST","service":"MTN Prestige Airport","status":400,"timestamp":"2023-08-17T10:57:38.719Z","url":"/api/auth/login"}
{"level":"info","message":"[Fetch all admin]: Admin fetched successfully","method":"GET","service":"MTN Prestige Airport","status":200,"timestamp":"2023-08-17T10:59:42.429Z","url":"/api/auth/users?page=1&per_page=20"}
{"level":"info","message":"[Fetch all admin]: Admin fetched successfully","method":"GET","service":"MTN Prestige Airport","status":200,"timestamp":"2023-08-17T10:59:43.199Z","url":"/api/auth/users?page=1&per_page=20"}
{"level":"info","message":"[AD Login]: AD login successful","method":"POST","service":"MTN Prestige Airport","status":200,"timestamp":"2023-08-17T10:59:53.592Z","url":"/api/auth/login"}
{"level":"info","message":"[Send Otp]: OTP sent successfully","method":"GET","service":"MTN Prestige Airport","status":200,"timestamp":"2023-08-17T10:59:55.162Z","url":"/api/auth/users/send-otp/b1305461-7259-4bcc-91d2-48325c839b3f"}
{"level":"info","message":"[OTP verification]: OTP verification successful","method":"POST","service":"MTN Prestige Airport","status":200,"timestamp":"2023-08-17T11:00:04.485Z","url":"/api/auth/users/verify-otp/5be68188-9239-44c4-b327-7d26e3694d23"}
{"level":"info","message":"[Current Guests]: Current guest fetched successfully","method":"GET","service":"MTN Prestige Airport","status":200,"timestamp":"2023-08-17T11:00:05.282Z","url":"/api/guests/current-guest?page=1&per_page=20"}
{"level":"info","message":"[Current Guests]: Current guest fetched successfully","method":"GET","service":"MTN Prestige Airport","status":200,"timestamp":"2023-08-17T11:00:05.684Z","url":"/api/guests/current-guest?page=1&per_page=20"}
{"level":"info","message":"[Fetch all admin]: Admin fetched successfully","method":"GET","service":"MTN Prestige Airport","status":200,"timestamp":"2023-08-17T11:00:09.802Z","url":"/api/auth/users?page=1&per_page=20"}
{"level":"info","message":"[Fetch all admin]: Admin fetched successfully","method":"GET","service":"MTN Prestige Airport","status":200,"timestamp":"2023-08-17T11:00:10.411Z","url":"/api/auth/users?page=1&per_page=20"}
{"level":"info","message":"[Delete Admin]: Deleted admin successfully","method":"DELETE","service":"MTN Prestige Airport","status":200,"timestamp":"2023-08-17T11:00:14.787Z","url":"/api/auth/users/6c5fcf54-535d-4a6c-a3f7-601c0eab93ff"}
{"level":"info","message":"[Fetch all admin]: Admin fetched successfully","method":"GET","service":"MTN Prestige Airport","status":200,"timestamp":"2023-08-17T11:00:16.230Z","url":"/api/auth/users?page=1&per_page=20"}
{"level":"info","message":"[Create Admin]: Admin created successfully","method":"POST","service":"MTN Prestige Airport","status":201,"timestamp":"2023-08-17T11:01:06.617Z","url":"/api/auth/users"}
{"level":"info","message":"[Fetch all admin]: Admin fetched successfully","method":"GET","service":"MTN Prestige Airport","status":200,"timestamp":"2023-08-17T11:01:11.855Z","url":"/api/auth/users?page=1&per_page=20"}
{"level":"info","message":"[Fetch all admin]: Admin fetched successfully","method":"GET","service":"MTN Prestige Airport","status":200,"timestamp":"2023-08-17T11:01:12.517Z","url":"/api/auth/users?page=1&per_page=20"}
{"level":"info","message":"[Fetch all admin]: Admin fetched successfully","method":"GET","service":"MTN Prestige Airport","status":200,"timestamp":"2023-08-17T11:01:58.390Z","url":"/api/auth/users?page=1&per_page=20"}
{"level":"info","message":"[Fetch all admin]: Admin fetched successfully","method":"GET","service":"MTN Prestige Airport","status":200,"timestamp":"2023-08-17T11:02:01.815Z","url":"/api/auth/users?page=1&per_page=20"}
{"level":"info","message":"[Fetch all admin]: Admin fetched successfully","method":"GET","service":"MTN Prestige Airport","status":200,"timestamp":"2023-08-17T11:02:03.587Z","url":"/api/auth/users?page=1&per_page=20"}
{"level":"info","message":"[Fetch all admin]: Admin fetched successfully","method":"GET","service":"MTN Prestige Airport","status":200,"timestamp":"2023-08-17T11:02:48.401Z","url":"/api/auth/users?page=1&per_page=20"}
{"level":"info","message":"[Fetch all admin]: Admin fetched successfully","method":"GET","service":"MTN Prestige Airport","status":200,"timestamp":"2023-08-17T11:03:45.053Z","url":"/api/auth/users?page=1&per_page=20"}
{"level":"info","message":"[Fetch all admin]: Admin fetched successfully","method":"GET","service":"MTN Prestige Airport","status":200,"timestamp":"2023-08-17T11:04:16.374Z","url":"/api/auth/users?page=1&per_page=20"}
{"level":"info","message":"[Fetch all admin]: Admin fetched successfully","method":"GET","service":"MTN Prestige Airport","status":200,"timestamp":"2023-08-17T11:04:24.215Z","url":"/api/auth/users?page=1&per_page=20"}
{"level":"info","message":"[Fetch all admin]: Admin fetched successfully","method":"GET","service":"MTN Prestige Airport","status":200,"timestamp":"2023-08-17T11:04:32.870Z","url":"/api/auth/users?page=1&per_page=20"}
{"level":"info","message":"[Fetch all admin]: Admin fetched successfully","method":"GET","service":"MTN Prestige Airport","status":200,"timestamp":"2023-08-17T11:04:37.091Z","url":"/api/auth/users?page=1&per_page=20"}
{"level":"info","message":"[Fetch all admin]: Admin fetched successfully","method":"GET","service":"MTN Prestige Airport","status":200,"timestamp":"2023-08-17T11:04:50.650Z","url":"/api/auth/users?page=1&per_page=20"}
{"level":"info","message":"[Fetch all admin]: Admin fetched successfully","method":"GET","service":"MTN Prestige Airport","status":200,"timestamp":"2023-08-17T11:05:16.002Z","url":"/api/auth/users?page=1&per_page=20"}
{"level":"info","message":"[Fetch all admin]: Admin fetched successfully","method":"GET","service":"MTN Prestige Airport","status":200,"timestamp":"2023-08-17T11:05:29.903Z","url":"/api/auth/users?page=1&per_page=20"}
{"level":"info","message":"[Fetch all admin]: Admin fetched successfully","method":"GET","service":"MTN Prestige Airport","status":200,"timestamp":"2023-08-17T11:05:40.653Z","url":"/api/auth/users?page=1&per_page=20"}
{"level":"info","message":"[Fetch all admin]: Admin fetched successfully","method":"GET","service":"MTN Prestige Airport","status":200,"timestamp":"2023-08-17T11:05:46.810Z","url":"/api/auth/users?page=1&per_page=20"}
{"level":"info","message":"[Fetch all admin]: Admin fetched successfully","method":"GET","service":"MTN Prestige Airport","status":200,"timestamp":"2023-08-17T11:05:51.450Z","url":"/api/auth/users?page=1&per_page=20"}
{"level":"info","message":"[Fetch all admin]: Admin fetched successfully","method":"GET","service":"MTN Prestige Airport","status":200,"timestamp":"2023-08-17T11:06:02.008Z","url":"/api/auth/users?page=1&per_page=20"}
{"level":"info","message":"[Fetch all admin]: Admin fetched successfully","method":"GET","service":"MTN Prestige Airport","status":200,"timestamp":"2023-08-17T11:06:04.031Z","url":"/api/auth/users?page=1&per_page=20"}
{"level":"info","message":"[Delete Admin]: Deleted admin successfully","method":"DELETE","service":"MTN Prestige Airport","status":200,"timestamp":"2023-08-17T11:06:29.969Z","url":"/api/auth/users/223d1342-e314-43ab-a3af-2cba2bd162da"}
{"level":"info","message":"[Fetch all admin]: Admin fetched successfully","method":"GET","service":"MTN Prestige Airport","status":200,"timestamp":"2023-08-17T11:06:31.353Z","url":"/api/auth/users?page=1&per_page=20"}
{"level":"info","message":"[Customer [FETCH, UPDATE, DELETE, CREATE]]: Operation successful","method":"GET","service":"MTN Prestige Airport","status":200,"timestamp":"2023-08-17T11:07:16.543Z","url":"/api/customers?page=1"}
{"level":"info","message":"[Customer [FETCH, UPDATE, DELETE, CREATE]]: Operation successful","method":"GET","service":"MTN Prestige Airport","status":200,"timestamp":"2023-08-17T11:07:16.955Z","url":"/api/customers?page=1"}
{"level":"info","message":"[Customer [FETCH, UPDATE, DELETE, CREATE]]: Operation successful","method":"GET","service":"MTN Prestige Airport","status":200,"timestamp":"2023-08-17T11:07:17.374Z","url":"/api/customers?page=1"}
{"level":"info","message":"[Customer [FETCH, UPDATE, DELETE, CREATE]]: Operation successful","method":"GET","service":"MTN Prestige Airport","status":200,"timestamp":"2023-08-17T11:07:17.743Z","url":"/api/customers?page=1"}
{"level":"info","message":"[Customer [FETCH, UPDATE, DELETE, CREATE]]: Operation successful","method":"GET","service":"MTN Prestige Airport","status":200,"timestamp":"2023-08-17T11:07:18.587Z","url":"/api/customers?page=1"}
{"level":"info","message":"[Customer [FETCH, UPDATE, DELETE, CREATE]]: Operation successful","method":"DELETE","service":"MTN Prestige Airport","status":200,"timestamp":"2023-08-17T11:18:27.612Z","url":"/api/customers/7f69b81f-a9d3-469b-8e1f-866d3b169ecd"}
{"level":"info","message":"[Customer [FETCH, UPDATE, DELETE, CREATE]]: Operation successful","method":"GET","service":"MTN Prestige Airport","status":200,"timestamp":"2023-08-17T11:18:28.650Z","url":"/api/customers?page=1"}
{"level":"warn","message":"[Bad Request - customer]","method":"POST","service":"MTN Prestige Airport","status":400,"timestamp":"2023-08-17T11:20:05.759Z","url":"/api/customers"}
{"level":"warn","message":"[Bad Request - customer]","method":"POST","service":"MTN Prestige Airport","status":400,"timestamp":"2023-08-17T11:20:17.731Z","url":"/api/customers"}
{"level":"warn","message":"[Bad Request - customer]","method":"POST","service":"MTN Prestige Airport","status":400,"timestamp":"2023-08-17T11:20:27.732Z","url":"/api/customers"}
{"level":"info","message":"[Customer [FETCH, UPDATE, DELETE, CREATE]]: Operation successful","method":"POST","service":"MTN Prestige Airport","status":200,"timestamp":"2023-08-17T11:20:33.508Z","url":"/api/customers"}
{"level":"info","message":"[Customer [FETCH, UPDATE, DELETE, CREATE]]: Operation successful","method":"GET","service":"MTN Prestige Airport","status":200,"timestamp":"2023-08-17T11:20:38.691Z","url":"/api/customers?page=1"}
{"level":"info","message":"[Customer [FETCH, UPDATE, DELETE, CREATE]]: Operation successful","method":"GET","service":"MTN Prestige Airport","status":200,"timestamp":"2023-08-17T11:20:40.877Z","url":"/api/customers?page=1"}
{"level":"info","message":"[Customer [FETCH, UPDATE, DELETE, CREATE]]: Operation successful","method":"GET","service":"MTN Prestige Airport","status":200,"timestamp":"2023-08-17T11:20:42.999Z","url":"/api/customers?page=1"}
{"level":"info","message":"[Customer [FETCH, UPDATE, DELETE, CREATE]]: Operation successful","method":"GET","service":"MTN Prestige Airport","status":200,"timestamp":"2023-08-17T11:20:44.878Z","url":"/api/customers?page=1"}
{"level":"info","message":"[Customer [FETCH, UPDATE, DELETE, CREATE]]: Operation successful","method":"DELETE","service":"MTN Prestige Airport","status":200,"timestamp":"2023-08-17T11:20:54.331Z","url":"/api/customers/eb46606e-cd3a-477e-8caf-646db7f6d768"}
{"level":"info","message":"[Customer [FETCH, UPDATE, DELETE, CREATE]]: Operation successful","method":"GET","service":"MTN Prestige Airport","status":200,"timestamp":"2023-08-17T11:20:55.086Z","url":"/api/customers?page=1"}
{"level":"info","message":"[Fetch all admin]: Admin fetched successfully","method":"GET","service":"MTN Prestige Airport","status":200,"timestamp":"2023-08-17T11:21:00.164Z","url":"/api/auth/users?page=1&per_page=20"}
{"level":"info","message":"[Fetch all admin]: Admin fetched successfully","method":"GET","service":"MTN Prestige Airport","status":200,"timestamp":"2023-08-17T11:21:01.445Z","url":"/api/auth/users?page=1&per_page=20"}
{"level":"error","message":"[Recent Guest]: MISSING_TOKEN","method":"GET","service":"MTN Prestige Airport","status":401,"timestamp":"2023-08-17T13:54:44.288Z","url":"/api/guests/recent-guest?page=1&per_page=20&fromDate=2022-01-01&toDate=2023-08-17"}
{"level":"error","message":"[Recent Guest]: MISSING_TOKEN","method":"GET","service":"MTN Prestige Airport","status":401,"timestamp":"2023-08-17T13:54:44.378Z","url":"/api/guests/recent-guest?page=1&per_page=20&fromDate=2022-01-01&toDate=2023-08-17"}
{"level":"error","message":"[AD Login]: Invalid credentials","method":"POST","service":"MTN Prestige Airport","status":401,"timestamp":"2023-08-17T13:54:51.969Z","url":"/api/auth/login"}
{"level":"info","message":"[AD Login]: AD login successful","method":"POST","service":"MTN Prestige Airport","status":200,"timestamp":"2023-08-17T13:55:00.855Z","url":"/api/auth/login"}
{"level":"info","message":"[Send Otp]: OTP sent successfully","method":"GET","service":"MTN Prestige Airport","status":200,"timestamp":"2023-08-17T13:55:02.041Z","url":"/api/auth/users/send-otp/1fbe4323-3331-4ca1-8e0c-7b60fe78727a"}
{"level":"info","message":"[OTP verification]: OTP verification successful","method":"POST","service":"MTN Prestige Airport","status":200,"timestamp":"2023-08-17T13:55:16.220Z","url":"/api/auth/users/verify-otp/39eeaa84-366a-4541-8c0f-6655d45afb85"}
{"level":"info","message":"[Current Guests]: Current guest fetched successfully","method":"GET","service":"MTN Prestige Airport","status":200,"timestamp":"2023-08-17T13:55:17.056Z","url":"/api/guests/current-guest?page=1&per_page=20"}
{"level":"info","message":"[Current Guests]: Current guest fetched successfully","method":"GET","service":"MTN Prestige Airport","status":200,"timestamp":"2023-08-17T13:55:17.469Z","url":"/api/guests/current-guest?page=1&per_page=20"}
